[ 2020-07-30T15:46:51+08:00 ] ::1 /myblog/index.php/css/common.css
INFO: [ app_init ] --START--
INFO: Run Behavior\BuildLiteBehavior [ RunTime:0.000012s ]
INFO: [ app_init ] --END-- [ RunTime:0.000772s ]
ERR: 无法加载模块:Css

[ 2020-07-30T15:46:52+08:00 ] ::1 /myblog/index.php/js/libs/modernizr.min.js
INFO: [ app_init ] --START--
INFO: Run Behavior\BuildLiteBehavior [ RunTime:0.000009s ]
INFO: [ app_init ] --END-- [ RunTime:0.000668s ]
ERR: 无法加载模块:Js

[ 2020-07-30T15:46:52+08:00 ] ::1 /myblog/index.php/css/main.css
INFO: [ app_init ] --START--
INFO: Run Behavior\BuildLiteBehavior [ RunTime:0.000015s ]
INFO: [ app_init ] --END-- [ RunTime:0.001563s ]
ERR: 无法加载模块:Css

[ 2020-07-30T15:46:53+08:00 ] ::1 /myblog/index.php/css/main.css
INFO: [ app_init ] --START--
INFO: Run Behavior\BuildLiteBehavior [ RunTime:0.000011s ]
INFO: [ app_init ] --END-- [ RunTime:0.000727s ]
ERR: 无法加载模块:Css

[ 2020-07-30T15:46:53+08:00 ] ::1 /myblog/index.php/js/libs/modernizr.min.js
INFO: [ app_init ] --START--
INFO: Run Behavior\BuildLiteBehavior [ RunTime:0.000009s ]
INFO: [ app_init ] --END-- [ RunTime:0.000665s ]
ERR: 无法加载模块:Js

[ 2020-07-30T15:46:54+08:00 ] ::1 /myblog/index.php/css/common.css
INFO: [ app_init ] --START--
INFO: Run Behavior\BuildLiteBehavior [ RunTime:0.000014s ]
INFO: [ app_init ] --END-- [ RunTime:0.001101s ]
ERR: 无法加载模块:Css

[ 2020-07-30T15:48:37+08:00 ] ::1 /myblog/index.php/css/common.css
INFO: [ app_init ] --START--
INFO: Run Behavior\BuildLiteBehavior [ RunTime:0.000012s ]
INFO: [ app_init ] --END-- [ RunTime:0.000948s ]
ERR: 无法加载模块:Css

[ 2020-07-30T15:48:37+08:00 ] ::1 /myblog/index.php/css/main.css
INFO: [ app_init ] --START--
INFO: Run Behavior\BuildLiteBehavior [ RunTime:0.000016s ]
INFO: [ app_init ] --END-- [ RunTime:0.000948s ]
ERR: 无法加载模块:Css

[ 2020-07-30T15:48:38+08:00 ] ::1 /myblog/index.php/js/libs/modernizr.min.js
INFO: [ app_init ] --START--
INFO: Run Behavior\BuildLiteBehavior [ RunTime:0.000019s ]
INFO: [ app_init ] --END-- [ RunTime:0.001269s ]
ERR: 无法加载模块:Js

[ 2020-07-30T16:04:40+08:00 ] ::1 /myblog/index.php/SITE_URL/Application/Admin/Public/css/main.css
INFO: [ app_init ] --START--
INFO: Run Behavior\BuildLiteBehavior [ RunTime:0.000016s ]
INFO: [ app_init ] --END-- [ RunTime:0.000919s ]
ERR: 无法加载模块:SITE_URL

[ 2020-07-30T16:04:40+08:00 ] ::1 /myblog/index.php/SITE_URL/Application/Admin/Public/css/common.css
INFO: [ app_init ] --START--
INFO: Run Behavior\BuildLiteBehavior [ RunTime:0.000011s ]
INFO: [ app_init ] --END-- [ RunTime:0.000816s ]
ERR: 无法加载模块:SITE_URL

[ 2020-07-30T16:04:41+08:00 ] ::1 /myblog/index.php/SITE_URL/Application/Admin/Public/js/libs/modernizr.min.js
INFO: [ app_init ] --START--
INFO: Run Behavior\BuildLiteBehavior [ RunTime:0.000014s ]
INFO: [ app_init ] --END-- [ RunTime:0.001089s ]
ERR: 无法加载模块:SITE_URL

[ 2020-07-30T16:04:42+08:00 ] ::1 /myblog/index.php/SITE_URL/Application/Admin/Public/css/common.css
INFO: [ app_init ] --START--
INFO: Run Behavior\BuildLiteBehavior [ RunTime:0.000015s ]
INFO: [ app_init ] --END-- [ RunTime:0.000794s ]
ERR: 无法加载模块:SITE_URL

[ 2020-07-30T16:04:42+08:00 ] ::1 /myblog/index.php/SITE_URL/Application/Admin/Public/js/libs/modernizr.min.js
INFO: [ app_init ] --START--
INFO: Run Behavior\BuildLiteBehavior [ RunTime:0.000011s ]
INFO: [ app_init ] --END-- [ RunTime:0.000736s ]
ERR: 无法加载模块:SITE_URL

[ 2020-07-30T16:04:43+08:00 ] ::1 /myblog/index.php/SITE_URL/Application/Admin/Public/css/main.css
INFO: [ app_init ] --START--
INFO: Run Behavior\BuildLiteBehavior [ RunTime:0.000008s ]
INFO: [ app_init ] --END-- [ RunTime:0.000483s ]
ERR: 无法加载模块:SITE_URL

[ 2020-07-30T16:05:03+08:00 ] ::1 /myblog/index.php/SITE_URL/Application/Admin/Public/css/common.css
INFO: [ app_init ] --START--
INFO: Run Behavior\BuildLiteBehavior [ RunTime:0.000013s ]
INFO: [ app_init ] --END-- [ RunTime:0.000921s ]
ERR: 无法加载模块:SITE_URL

[ 2020-07-30T16:05:03+08:00 ] ::1 /myblog/index.php/SITE_URL/Application/Admin/Public/js/libs/modernizr.min.js
INFO: [ app_init ] --START--
INFO: Run Behavior\BuildLiteBehavior [ RunTime:0.000049s ]
INFO: [ app_init ] --END-- [ RunTime:0.001290s ]
ERR: 无法加载模块:SITE_URL

[ 2020-07-30T16:05:04+08:00 ] ::1 /myblog/index.php/SITE_URL/Application/Admin/Public/css/main.css
INFO: [ app_init ] --START--
INFO: Run Behavior\BuildLiteBehavior [ RunTime:0.000014s ]
INFO: [ app_init ] --END-- [ RunTime:0.001070s ]
ERR: 无法加载模块:SITE_URL

[ 2020-07-30T16:05:07+08:00 ] ::1 /myblog/index.php/SITE_URL/Application/Admin/Public/css/common.css
INFO: [ app_init ] --START--
INFO: Run Behavior\BuildLiteBehavior [ RunTime:0.000026s ]
INFO: [ app_init ] --END-- [ RunTime:0.001573s ]
ERR: 无法加载模块:SITE_URL

[ 2020-07-30T16:05:07+08:00 ] ::1 /myblog/index.php/SITE_URL/Application/Admin/Public/css/main.css
INFO: [ app_init ] --START--
INFO: Run Behavior\BuildLiteBehavior [ RunTime:0.000015s ]
INFO: [ app_init ] --END-- [ RunTime:0.000997s ]
ERR: 无法加载模块:SITE_URL

[ 2020-07-30T16:05:08+08:00 ] ::1 /myblog/index.php/SITE_URL/Application/Admin/Public/js/libs/modernizr.min.js
INFO: [ app_init ] --START--
INFO: Run Behavior\BuildLiteBehavior [ RunTime:0.000012s ]
INFO: [ app_init ] --END-- [ RunTime:0.000888s ]
ERR: 无法加载模块:SITE_URL

[ 2020-07-30T16:05:58+08:00 ] ::1 /myblog/index.php/index.html
INFO: [ app_init ] --START--
INFO: Run Behavior\BuildLiteBehavior [ RunTime:0.000009s ]
INFO: [ app_init ] --END-- [ RunTime:0.000538s ]
ERR: 无法加载模块:Index

